<?xml version="1.0" encoding="UTF-8"?>
<testsuite xmlns:xsi="http://www.w3.org/2001/XMLSchema-instance" xsi:noNamespaceSchemaLocation="https://maven.apache.org/surefire/maven-surefire-plugin/xsd/surefire-test-report-3.0.xsd" version="3.0" name="me.opc.se.database.MainTest" time="2.025" tests="6" errors="0" skipped="0" failures="0">
  <properties>
    <property name="java.specification.version" value="20"/>
    <property name="sun.jnu.encoding" value="ANSI_X3.4-1968"/>
    <property name="java.class.path" value="/home/opc/FY24-cnstudy/FY24-CN-Study/03Helidon/database-se/target/test-classes:/home/opc/FY24-cnstudy/FY24-CN-Study/03Helidon/database-se/target/classes:/home/opc/.m2/repository/io/helidon/webserver/helidon-webserver/3.2.2/helidon-webserver-3.2.2.jar:/home/opc/.m2/repository/io/helidon/common/helidon-common-reactive/3.2.2/helidon-common-reactive-3.2.2.jar:/home/opc/.m2/repository/io/helidon/common/helidon-common/3.2.2/helidon-common-3.2.2.jar:/home/opc/.m2/repository/io/helidon/common/helidon-common-configurable/3.2.2/helidon-common-configurable-3.2.2.jar:/home/opc/.m2/repository/io/helidon/common/helidon-common-http/3.2.2/helidon-common-http-3.2.2.jar:/home/opc/.m2/repository/io/helidon/media/helidon-media-common/3.2.2/helidon-media-common-3.2.2.jar:/home/opc/.m2/repository/io/helidon/config/helidon-config/3.2.2/helidon-config-3.2.2.jar:/home/opc/.m2/repository/io/helidon/common/helidon-common-media-type/3.2.2/helidon-common-media-type-3.2.2.jar:/home/opc/.m2/repository/io/helidon/common/helidon-common-key-util/3.2.2/helidon-common-key-util-3.2.2.jar:/home/opc/.m2/repository/io/helidon/logging/helidon-logging-common/3.2.2/helidon-logging-common-3.2.2.jar:/home/opc/.m2/repository/io/helidon/tracing/helidon-tracing/3.2.2/helidon-tracing-3.2.2.jar:/home/opc/.m2/repository/io/helidon/tracing/helidon-tracing-config/3.2.2/helidon-tracing-config-3.2.2.jar:/home/opc/.m2/repository/io/netty/netty-codec-http/4.1.94.Final/netty-codec-http-4.1.94.Final.jar:/home/opc/.m2/repository/io/netty/netty-common/4.1.94.Final/netty-common-4.1.94.Final.jar:/home/opc/.m2/repository/io/netty/netty-transport/4.1.94.Final/netty-transport-4.1.94.Final.jar:/home/opc/.m2/repository/io/netty/netty-codec/4.1.94.Final/netty-codec-4.1.94.Final.jar:/home/opc/.m2/repository/io/netty/netty-handler/4.1.94.Final/netty-handler-4.1.94.Final.jar:/home/opc/.m2/repository/io/netty/netty-resolver/4.1.94.Final/netty-resolver-4.1.94.Final.jar:/home/opc/.m2/repository/io/netty/netty-transport-native-unix-common/4.1.94.Final/netty-transport-native-unix-common-4.1.94.Final.jar:/home/opc/.m2/repository/io/helidon/config/helidon-config-yaml/3.2.2/helidon-config-yaml-3.2.2.jar:/home/opc/.m2/repository/org/yaml/snakeyaml/2.0/snakeyaml-2.0.jar:/home/opc/.m2/repository/jakarta/annotation/jakarta.annotation-api/2.0.0/jakarta.annotation-api-2.0.0.jar:/home/opc/.m2/repository/io/helidon/metrics/helidon-metrics/3.2.2/helidon-metrics-3.2.2.jar:/home/opc/.m2/repository/io/helidon/common/helidon-common-service-loader/3.2.2/helidon-common-service-loader-3.2.2.jar:/home/opc/.m2/repository/io/helidon/metrics/helidon-metrics-api/3.2.2/helidon-metrics-api-3.2.2.jar:/home/opc/.m2/repository/io/helidon/metrics/helidon-metrics-service-api/3.2.2/helidon-metrics-service-api-3.2.2.jar:/home/opc/.m2/repository/org/eclipse/microprofile/metrics/microprofile-metrics-api/4.0/microprofile-metrics-api-4.0.jar:/home/opc/.m2/repository/io/helidon/webserver/helidon-webserver-cors/3.2.2/helidon-webserver-cors-3.2.2.jar:/home/opc/.m2/repository/io/helidon/service-common/helidon-service-common-rest/3.2.2/helidon-service-common-rest-3.2.2.jar:/home/opc/.m2/repository/io/helidon/health/helidon-health/3.2.2/helidon-health-3.2.2.jar:/home/opc/.m2/repository/io/helidon/fault-tolerance/helidon-fault-tolerance/3.2.2/helidon-fault-tolerance-3.2.2.jar:/home/opc/.m2/repository/org/eclipse/microprofile/health/microprofile-health-api/4.0/microprofile-health-api-4.0.jar:/home/opc/.m2/repository/io/helidon/health/helidon-health-checks/3.2.2/helidon-health-checks-3.2.2.jar:/home/opc/.m2/repository/io/helidon/health/helidon-health-common/3.2.2/helidon-health-common-3.2.2.jar:/home/opc/.m2/repository/io/helidon/media/helidon-media-jsonp/3.2.2/helidon-media-jsonp-3.2.2.jar:/home/opc/.m2/repository/jakarta/json/jakarta.json-api/2.0.1/jakarta.json-api-2.0.1.jar:/home/opc/.m2/repository/org/eclipse/parsson/parsson/1.0.2/parsson-1.0.2.jar:/home/opc/.m2/repository/com/h2database/h2/2.1.212/h2-2.1.212.jar:/home/opc/.m2/repository/com/zaxxer/HikariCP/5.0.1/HikariCP-5.0.1.jar:/home/opc/.m2/repository/org/slf4j/slf4j-api/1.7.32/slf4j-api-1.7.32.jar:/home/opc/.m2/repository/io/helidon/dbclient/helidon-dbclient/3.2.2/helidon-dbclient-3.2.2.jar:/home/opc/.m2/repository/io/helidon/common/helidon-common-context/3.2.2/helidon-common-context-3.2.2.jar:/home/opc/.m2/repository/io/helidon/common/helidon-common-mapper/3.2.2/helidon-common-mapper-3.2.2.jar:/home/opc/.m2/repository/io/helidon/dbclient/helidon-dbclient-jsonp/3.2.2/helidon-dbclient-jsonp-3.2.2.jar:/home/opc/.m2/repository/io/helidon/media/helidon-media-jsonb/3.2.2/helidon-media-jsonb-3.2.2.jar:/home/opc/.m2/repository/org/eclipse/yasson/2.0.4/yasson-2.0.4.jar:/home/opc/.m2/repository/jakarta/json/bind/jakarta.json.bind-api/2.0.0/jakarta.json.bind-api-2.0.0.jar:/home/opc/.m2/repository/org/glassfish/jakarta.json/2.0.0/jakarta.json-2.0.0-module.jar:/home/opc/.m2/repository/io/helidon/dbclient/helidon-dbclient-jdbc/3.2.2/helidon-dbclient-jdbc-3.2.2.jar:/home/opc/.m2/repository/io/helidon/dbclient/helidon-dbclient-common/3.2.2/helidon-dbclient-common-3.2.2.jar:/home/opc/.m2/repository/org/slf4j/slf4j-jdk14/1.7.32/slf4j-jdk14-1.7.32.jar:/home/opc/.m2/repository/io/helidon/dbclient/helidon-dbclient-metrics-jdbc/3.2.2/helidon-dbclient-metrics-jdbc-3.2.2.jar:/home/opc/.m2/repository/io/dropwizard/metrics/metrics-core/4.1.2/metrics-core-4.1.2.jar:/home/opc/.m2/repository/io/helidon/dbclient/helidon-dbclient-metrics/3.2.2/helidon-dbclient-metrics-3.2.2.jar:/home/opc/.m2/repository/io/helidon/dbclient/helidon-dbclient-health/3.2.2/helidon-dbclient-health-3.2.2.jar:/home/opc/.m2/repository/org/junit/jupiter/junit-jupiter-api/5.7.0/junit-jupiter-api-5.7.0.jar:/home/opc/.m2/repository/org/apiguardian/apiguardian-api/1.1.0/apiguardian-api-1.1.0.jar:/home/opc/.m2/repository/org/opentest4j/opentest4j/1.2.0/opentest4j-1.2.0.jar:/home/opc/.m2/repository/org/junit/platform/junit-platform-commons/1.7.0/junit-platform-commons-1.7.0.jar:/home/opc/.m2/repository/org/hamcrest/hamcrest-all/1.3/hamcrest-all-1.3.jar:/home/opc/.m2/repository/io/helidon/webclient/helidon-webclient/3.2.2/helidon-webclient-3.2.2.jar:/home/opc/.m2/repository/io/netty/netty-buffer/4.1.94.Final/netty-buffer-4.1.94.Final.jar:/home/opc/.m2/repository/io/netty/netty-handler-proxy/4.1.94.Final/netty-handler-proxy-4.1.94.Final.jar:/home/opc/.m2/repository/io/netty/netty-codec-socks/4.1.94.Final/netty-codec-socks-4.1.94.Final.jar:/home/opc/.m2/repository/io/netty/netty-resolver-dns/4.1.94.Final/netty-resolver-dns-4.1.94.Final.jar:/home/opc/.m2/repository/io/netty/netty-codec-dns/4.1.94.Final/netty-codec-dns-4.1.94.Final.jar:"/>
    <property name="java.vm.vendor" value="Oracle Corporation"/>
    <property name="sun.arch.data.model" value="64"/>
    <property name="java.vendor.url" value="https://java.oracle.com/"/>
    <property name="user.timezone" value="GMT"/>
    <property name="os.name" value="Linux"/>
    <property name="java.vm.specification.version" value="20"/>
    <property name="sun.java.launcher" value="SUN_STANDARD"/>
    <property name="user.country" value="US"/>
    <property name="sun.boot.library.path" value="/usr/java/jdk-20.0.2/lib"/>
    <property name="sun.java.command" value="/home/opc/FY24-cnstudy/FY24-CN-Study/03Helidon/database-se/target/surefire/surefirebooter4250365457075800042.jar /home/opc/FY24-cnstudy/FY24-CN-Study/03Helidon/database-se/target/surefire 2023-09-14T06-54-24_595-jvmRun1 surefire15065487562248610873tmp surefire_08572856772904558525tmp"/>
    <property name="jdk.debug" value="release"/>
    <property name="surefire.test.class.path" value="/home/opc/FY24-cnstudy/FY24-CN-Study/03Helidon/database-se/target/test-classes:/home/opc/FY24-cnstudy/FY24-CN-Study/03Helidon/database-se/target/classes:/home/opc/.m2/repository/io/helidon/webserver/helidon-webserver/3.2.2/helidon-webserver-3.2.2.jar:/home/opc/.m2/repository/io/helidon/common/helidon-common-reactive/3.2.2/helidon-common-reactive-3.2.2.jar:/home/opc/.m2/repository/io/helidon/common/helidon-common/3.2.2/helidon-common-3.2.2.jar:/home/opc/.m2/repository/io/helidon/common/helidon-common-configurable/3.2.2/helidon-common-configurable-3.2.2.jar:/home/opc/.m2/repository/io/helidon/common/helidon-common-http/3.2.2/helidon-common-http-3.2.2.jar:/home/opc/.m2/repository/io/helidon/media/helidon-media-common/3.2.2/helidon-media-common-3.2.2.jar:/home/opc/.m2/repository/io/helidon/config/helidon-config/3.2.2/helidon-config-3.2.2.jar:/home/opc/.m2/repository/io/helidon/common/helidon-common-media-type/3.2.2/helidon-common-media-type-3.2.2.jar:/home/opc/.m2/repository/io/helidon/common/helidon-common-key-util/3.2.2/helidon-common-key-util-3.2.2.jar:/home/opc/.m2/repository/io/helidon/logging/helidon-logging-common/3.2.2/helidon-logging-common-3.2.2.jar:/home/opc/.m2/repository/io/helidon/tracing/helidon-tracing/3.2.2/helidon-tracing-3.2.2.jar:/home/opc/.m2/repository/io/helidon/tracing/helidon-tracing-config/3.2.2/helidon-tracing-config-3.2.2.jar:/home/opc/.m2/repository/io/netty/netty-codec-http/4.1.94.Final/netty-codec-http-4.1.94.Final.jar:/home/opc/.m2/repository/io/netty/netty-common/4.1.94.Final/netty-common-4.1.94.Final.jar:/home/opc/.m2/repository/io/netty/netty-transport/4.1.94.Final/netty-transport-4.1.94.Final.jar:/home/opc/.m2/repository/io/netty/netty-codec/4.1.94.Final/netty-codec-4.1.94.Final.jar:/home/opc/.m2/repository/io/netty/netty-handler/4.1.94.Final/netty-handler-4.1.94.Final.jar:/home/opc/.m2/repository/io/netty/netty-resolver/4.1.94.Final/netty-resolver-4.1.94.Final.jar:/home/opc/.m2/repository/io/netty/netty-transport-native-unix-common/4.1.94.Final/netty-transport-native-unix-common-4.1.94.Final.jar:/home/opc/.m2/repository/io/helidon/config/helidon-config-yaml/3.2.2/helidon-config-yaml-3.2.2.jar:/home/opc/.m2/repository/org/yaml/snakeyaml/2.0/snakeyaml-2.0.jar:/home/opc/.m2/repository/jakarta/annotation/jakarta.annotation-api/2.0.0/jakarta.annotation-api-2.0.0.jar:/home/opc/.m2/repository/io/helidon/metrics/helidon-metrics/3.2.2/helidon-metrics-3.2.2.jar:/home/opc/.m2/repository/io/helidon/common/helidon-common-service-loader/3.2.2/helidon-common-service-loader-3.2.2.jar:/home/opc/.m2/repository/io/helidon/metrics/helidon-metrics-api/3.2.2/helidon-metrics-api-3.2.2.jar:/home/opc/.m2/repository/io/helidon/metrics/helidon-metrics-service-api/3.2.2/helidon-metrics-service-api-3.2.2.jar:/home/opc/.m2/repository/org/eclipse/microprofile/metrics/microprofile-metrics-api/4.0/microprofile-metrics-api-4.0.jar:/home/opc/.m2/repository/io/helidon/webserver/helidon-webserver-cors/3.2.2/helidon-webserver-cors-3.2.2.jar:/home/opc/.m2/repository/io/helidon/service-common/helidon-service-common-rest/3.2.2/helidon-service-common-rest-3.2.2.jar:/home/opc/.m2/repository/io/helidon/health/helidon-health/3.2.2/helidon-health-3.2.2.jar:/home/opc/.m2/repository/io/helidon/fault-tolerance/helidon-fault-tolerance/3.2.2/helidon-fault-tolerance-3.2.2.jar:/home/opc/.m2/repository/org/eclipse/microprofile/health/microprofile-health-api/4.0/microprofile-health-api-4.0.jar:/home/opc/.m2/repository/io/helidon/health/helidon-health-checks/3.2.2/helidon-health-checks-3.2.2.jar:/home/opc/.m2/repository/io/helidon/health/helidon-health-common/3.2.2/helidon-health-common-3.2.2.jar:/home/opc/.m2/repository/io/helidon/media/helidon-media-jsonp/3.2.2/helidon-media-jsonp-3.2.2.jar:/home/opc/.m2/repository/jakarta/json/jakarta.json-api/2.0.1/jakarta.json-api-2.0.1.jar:/home/opc/.m2/repository/org/eclipse/parsson/parsson/1.0.2/parsson-1.0.2.jar:/home/opc/.m2/repository/com/h2database/h2/2.1.212/h2-2.1.212.jar:/home/opc/.m2/repository/com/zaxxer/HikariCP/5.0.1/HikariCP-5.0.1.jar:/home/opc/.m2/repository/org/slf4j/slf4j-api/1.7.32/slf4j-api-1.7.32.jar:/home/opc/.m2/repository/io/helidon/dbclient/helidon-dbclient/3.2.2/helidon-dbclient-3.2.2.jar:/home/opc/.m2/repository/io/helidon/common/helidon-common-context/3.2.2/helidon-common-context-3.2.2.jar:/home/opc/.m2/repository/io/helidon/common/helidon-common-mapper/3.2.2/helidon-common-mapper-3.2.2.jar:/home/opc/.m2/repository/io/helidon/dbclient/helidon-dbclient-jsonp/3.2.2/helidon-dbclient-jsonp-3.2.2.jar:/home/opc/.m2/repository/io/helidon/media/helidon-media-jsonb/3.2.2/helidon-media-jsonb-3.2.2.jar:/home/opc/.m2/repository/org/eclipse/yasson/2.0.4/yasson-2.0.4.jar:/home/opc/.m2/repository/jakarta/json/bind/jakarta.json.bind-api/2.0.0/jakarta.json.bind-api-2.0.0.jar:/home/opc/.m2/repository/org/glassfish/jakarta.json/2.0.0/jakarta.json-2.0.0-module.jar:/home/opc/.m2/repository/io/helidon/dbclient/helidon-dbclient-jdbc/3.2.2/helidon-dbclient-jdbc-3.2.2.jar:/home/opc/.m2/repository/io/helidon/dbclient/helidon-dbclient-common/3.2.2/helidon-dbclient-common-3.2.2.jar:/home/opc/.m2/repository/org/slf4j/slf4j-jdk14/1.7.32/slf4j-jdk14-1.7.32.jar:/home/opc/.m2/repository/io/helidon/dbclient/helidon-dbclient-metrics-jdbc/3.2.2/helidon-dbclient-metrics-jdbc-3.2.2.jar:/home/opc/.m2/repository/io/dropwizard/metrics/metrics-core/4.1.2/metrics-core-4.1.2.jar:/home/opc/.m2/repository/io/helidon/dbclient/helidon-dbclient-metrics/3.2.2/helidon-dbclient-metrics-3.2.2.jar:/home/opc/.m2/repository/io/helidon/dbclient/helidon-dbclient-health/3.2.2/helidon-dbclient-health-3.2.2.jar:/home/opc/.m2/repository/org/junit/jupiter/junit-jupiter-api/5.7.0/junit-jupiter-api-5.7.0.jar:/home/opc/.m2/repository/org/apiguardian/apiguardian-api/1.1.0/apiguardian-api-1.1.0.jar:/home/opc/.m2/repository/org/opentest4j/opentest4j/1.2.0/opentest4j-1.2.0.jar:/home/opc/.m2/repository/org/junit/platform/junit-platform-commons/1.7.0/junit-platform-commons-1.7.0.jar:/home/opc/.m2/repository/org/hamcrest/hamcrest-all/1.3/hamcrest-all-1.3.jar:/home/opc/.m2/repository/io/helidon/webclient/helidon-webclient/3.2.2/helidon-webclient-3.2.2.jar:/home/opc/.m2/repository/io/netty/netty-buffer/4.1.94.Final/netty-buffer-4.1.94.Final.jar:/home/opc/.m2/repository/io/netty/netty-handler-proxy/4.1.94.Final/netty-handler-proxy-4.1.94.Final.jar:/home/opc/.m2/repository/io/netty/netty-codec-socks/4.1.94.Final/netty-codec-socks-4.1.94.Final.jar:/home/opc/.m2/repository/io/netty/netty-resolver-dns/4.1.94.Final/netty-resolver-dns-4.1.94.Final.jar:/home/opc/.m2/repository/io/netty/netty-codec-dns/4.1.94.Final/netty-codec-dns-4.1.94.Final.jar:"/>
    <property name="sun.cpu.endian" value="little"/>
    <property name="user.home" value="/home/opc"/>
    <property name="user.language" value="en"/>
    <property name="java.specification.vendor" value="Oracle Corporation"/>
    <property name="io.netty.allocator.maxOrder" value="6"/>
    <property name="java.version.date" value="2023-07-18"/>
    <property name="java.home" value="/usr/java/jdk-20.0.2"/>
    <property name="file.separator" value="/"/>
    <property name="basedir" value="/home/opc/FY24-cnstudy/FY24-CN-Study/03Helidon/database-se"/>
    <property name="java.vm.compressedOopsMode" value="Zero based"/>
    <property name="line.separator" value="&#10;"/>
    <property name="java.vm.specification.vendor" value="Oracle Corporation"/>
    <property name="java.specification.name" value="Java Platform API Specification"/>
    <property name="surefire.real.class.path" value="/home/opc/FY24-cnstudy/FY24-CN-Study/03Helidon/database-se/target/surefire/surefirebooter4250365457075800042.jar"/>
    <property name="java.util.logging.config.file" value="/home/opc/FY24-cnstudy/FY24-CN-Study/03Helidon/database-se/target/classes/logging.properties"/>
    <property name="sun.management.compiler" value="HotSpot 64-Bit Tiered Compilers"/>
    <property name="java.runtime.version" value="20.0.2+9-78"/>
    <property name="user.name" value="opc"/>
    <property name="stdout.encoding" value="ANSI_X3.4-1968"/>
    <property name="path.separator" value=":"/>
    <property name="os.version" value="5.15.0-101.103.2.1.el8uek.x86_64"/>
    <property name="java.runtime.name" value="Java(TM) SE Runtime Environment"/>
    <property name="file.encoding" value="UTF-8"/>
    <property name="java.vm.name" value="Java HotSpot(TM) 64-Bit Server VM"/>
    <property name="localRepository" value="/home/opc/.m2/repository"/>
    <property name="java.vendor.url.bug" value="https://bugreport.java.com/bugreport/"/>
    <property name="java.io.tmpdir" value="/tmp"/>
    <property name="java.version" value="20.0.2"/>
    <property name="user.dir" value="/home/opc/FY24-cnstudy/FY24-CN-Study/03Helidon/database-se"/>
    <property name="os.arch" value="amd64"/>
    <property name="java.vm.specification.name" value="Java Virtual Machine Specification"/>
    <property name="native.encoding" value="ANSI_X3.4-1968"/>
    <property name="java.library.path" value="/usr/java/packages/lib:/usr/lib64:/lib64:/lib:/usr/lib"/>
    <property name="java.vm.info" value="mixed mode, sharing"/>
    <property name="stderr.encoding" value="ANSI_X3.4-1968"/>
    <property name="java.vendor" value="Oracle Corporation"/>
    <property name="java.vm.version" value="20.0.2+9-78"/>
    <property name="sun.io.unicode.encoding" value="UnicodeLittle"/>
    <property name="java.class.version" value="64.0"/>
  </properties>
  <testcase name="testSimpleGreet" classname="me.opc.se.database.MainTest" time="0.198">
    <system-out><![CDATA[2023.09.14 06:54:26 INFO io.helidon.common.LogConfig Thread[#1,main,5,main]: Logging at initialization configured using /home/opc/FY24-cnstudy/FY24-CN-Study/03Helidon/database-se/target/classes/logging.properties
2023.09.14 06:54:26 INFO com.zaxxer.hikari.HikariDataSource Thread[#1,main,5,main]: h2 - Starting...
2023.09.14 06:54:26 INFO com.zaxxer.hikari.HikariDataSource Thread[#1,main,5,main]: h2 - Start completed.
2023.09.14 06:54:27 INFO io.helidon.common.HelidonFeatures Thread[#35,features-thread,5,main]: Helidon SE 3.2.2 features: [Config, Db Client, Fault Tolerance, Health, Metrics, Tracing, Web Client, WebServer]
2023.09.14 06:54:27 INFO io.helidon.webserver.NettyWebServer Thread[#36,nioEventLoopGroup-2-1,10,main]: Channel '@default' started: [id: 0xaf3a84df, L:/[0:0:0:0:0:0:0:0]:8080]
Database here : http://localhost:8080/pokemon
2023.09.14 06:54:27 INFO me.opc.se.database.SimpleGreetService Thread[#38,nioEventLoopGroup-3-1,10,main]: Greeting message is Hello World!
]]></system-out>
  </testcase>
  <testcase name="testPokemonTypes" classname="me.opc.se.database.MainTest" time="0.091"/>
  <testcase name="testMetrics" classname="me.opc.se.database.MainTest" time="0.039"/>
  <testcase name="testPokemons" classname="me.opc.se.database.MainTest" time="0.095"/>
  <testcase name="testHealth" classname="me.opc.se.database.MainTest" time="0.046"/>
  <testcase name="testMicroprofileMetrics" classname="me.opc.se.database.MainTest" time="0.035">
    <system-out><![CDATA[2023.09.14 06:54:28 INFO me.opc.se.database.SimpleGreetService Thread[#38,nioEventLoopGroup-3-1,10,main]: Greeting message is Hello World!
]]></system-out>
  </testcase>
</testsuite>